<?xml version="1.0" encoding="UTF-8"?>
<testsuite name="AppTest" tests="4" skipped="0" failures="0" errors="0" timestamp="2016-02-09T02:12:16" hostname="epicodus-41.local" time="0.002">
  <properties/>
  <testcase name="getNumberRange_forUserEnters5_returnString_1_2_ping_4_pong" classname="AppTest" time="0.001"/>
  <testcase name="getNumberRange_forUserEnters3_returnString_1_2_ping" classname="AppTest" time="0.0"/>
  <testcase name="getNumberRange_forUserEnters2_returnString_1_2" classname="AppTest" time="0.0"/>
  <testcase name="getNumberRange_forUserEnters15_returnString_1_2_ping_4_pong_ping_7_8_ping_pong_11_ping_13_14_pingpong" classname="AppTest" time="0.0"/>
  <system-out><![CDATA[]]></system-out>
  <system-err><![CDATA[]]></system-err>
</testsuite>
